<?xml version="1.0" encoding="UTF-8"?>
<!-- Generated by org.testng.reporters.JUnitReportReporter -->
<testsuite hostname="LAPTOP-6L82N2OA" failures="0" tests="2" name="projecttestng.bangla4" time="0.006" errors="0" timestamp="2025-02-21T18:34:37 BDT" skipped="0">
  <testcase classname="projecttestng.bangla4" name="Linked" time="0.000"/>
  <system-out/>
  <testcase classname="projecttestng.bangla4" name="cdemo1" time="0.006"/>
  <system-out/>
</testsuite> <!-- projecttestng.bangla4 -->
