<?xml version="1.0" encoding="UTF-8"?>
<!-- Generated by org.testng.reporters.JUnitReportReporter -->
<testsuite hostname="LAPTOP-6L82N2OA" failures="0" tests="1" name="projecttestng.bangla3" time="0.001" errors="0" timestamp="2025-02-21T16:40:23 BDT" skipped="0">
  <testcase classname="projecttestng.bangla3" name="demo4" time="0.001"/>
  <system-out/>
</testsuite> <!-- projecttestng.bangla3 -->
