<?xml version="1.0" encoding="UTF-8"?>
<!-- Generated by org.testng.reporters.JUnitReportReporter -->
<testsuite hostname="LAPTOP-6L82N2OA" failures="0" tests="2" name="projecttestng.bangla2" time="0.003" errors="0" timestamp="2025-02-21T16:36:51 BDT" skipped="0">
  <testcase classname="projecttestng.bangla2" name="demo3" time="0.001"/>
  <system-out/>
  <testcase classname="projecttestng.bangla2" name="femo1" time="0.002"/>
  <system-out/>
</testsuite> <!-- projecttestng.bangla2 -->
