<?xml version="1.0" encoding="UTF-8"?>
<!-- Generated by org.testng.reporters.JUnitReportReporter -->
<testsuite hostname="LAPTOP-6L82N2OA" failures="0" tests="3" name="projecttestng.bangla1" time="0.015" errors="0" timestamp="2025-02-21T17:01:25 BDT" skipped="0">
  <testcase classname="projecttestng.bangla1" name="Payra1" time="0.011"/>
  <system-out/>
  <testcase classname="projecttestng.bangla1" name="demo2" time="0.001"/>
  <system-out/>
  <testcase classname="projecttestng.bangla1" name="demo1" time="0.003"/>
  <system-out/>
</testsuite> <!-- projecttestng.bangla1 -->
