<?xml version="1.0" encoding="UTF-8"?>
<!-- Generated by org.testng.reporters.JUnitReportReporter -->
<testsuite hostname="LAPTOP-6L82N2OA" failures="0" tests="7" name="projecttestng.bangla4" time="0.015" errors="0" timestamp="2025-02-22T13:19:21 BDT" skipped="1">
  <testcase classname="projecttestng.bangla4" name="Linked" time="0.001"/>
  <system-out/>
  <testcase classname="projecttestng.bangla4" name="ddemo1" time="0.001"/>
  <system-out/>
  <testcase classname="projecttestng.bangla4" name="ddemo1" time="0.010"/>
  <system-out/>
  <testcase classname="projecttestng.bangla4" name="ddemo1" time="0.001"/>
  <system-out/>
  <testcase classname="projecttestng.bangla4" name="cdemo1" time="0.002"/>
  <system-out/>
  <testcase classname="projecttestng.bangla4" name="bdemo1" time="0.000"/>
  <system-out/>
  <testcase classname="projecttestng.bangla4" name="ademo1">
    <skipped/>
  </testcase> <!-- ademo1 -->
  <system-out/>
</testsuite> <!-- projecttestng.bangla4 -->
